Start testing: Jun 17 16:04 Hora est. Pacífico, Sudamérica
----------------------------------------------------------
1/1 Testing: expenses_tests
1/1 Test: expenses_tests
Command: "C:/Users/Ricardo/Desktop/cpp/EC8-Patrones/build/expenses_tests.exe"
Directory: C:/Users/Ricardo/Desktop/cpp/EC8-Patrones/build
"expenses_tests" start time: Jun 17 16:04 Hora est. Pacífico, Sudamérica
Output:
----------------------------------------------------------
test_strategy_sort_by_amount_descending PASO
test_strategy_sort_by_category_then_date PASO
Â¡Todas las estrategias funcionan perfectamente!
<end of output>
Test time =   1.05 sec
----------------------------------------------------------
Test Passed.
"expenses_tests" end time: Jun 17 16:04 Hora est. Pacífico, Sudamérica
"expenses_tests" time elapsed: 00:00:01
----------------------------------------------------------

End testing: Jun 17 16:04 Hora est. Pacífico, Sudamérica
